Removed Pin From Net: NetName=NetIC1_B1 Pin=IC1-B1
Removed Pin From Net: NetName=GND Pin=IC1-B2
Removed Member From Class: ClassName=U_Undervoltage Member=IC1
Added Component: Designator=UV(SOT95P280X145-5N)
Add component (AddParameter): Name = "Arrow Part Number"; Value = ""; VariantName = "[No Variations]"
Add component (AddParameter): Name = "Arrow Price/Stock"; Value = ""; VariantName = "[No Variations]"
Add component (AddParameter): Name = "Datasheet Link"; Value = "https://www.ti.com/product/TLV4051"; VariantName = "[No Variations]"
Add component (AddParameter): Name = "Height"; Value = "1.45mm"; VariantName = "[No Variations]"
Add component (AddParameter): Name = "Manufacturer_Name"; Value = "Texas Instruments"; VariantName = "[No Variations]"
Add component (AddParameter): Name = "Manufacturer_Part_Number"; Value = "TLV4051R2DBVR"; VariantName = "[No Variations]"
Add component (AddParameter): Name = "Mouser Part Number"; Value = ""; VariantName = "[No Variations]"
Add component (AddParameter): Name = "Mouser Price/Stock"; Value = ""; VariantName = "[No Variations]"
Added Pin To Net: NetName=NetIC1_B1 Pin=UV-1
Added Pin To Net: NetName=GND Pin=UV-2
Change Net Name : Old Net Name=NetIC1_B1 New Net Name=NetP1_3
Added Pin To Net: NetName=NetR1_1 Pin=R1-1
Added Pin To Net: NetName=NetR1_1 Pin=Undervoltage MOSFET1-1
Added Pin To Net: NetName=NetR1_1 Pin=UV-5
Added Net: Name=NetR1_1
Added Pin To Net: NetName=NetR2_1 Pin=R2-1
Added Pin To Net: NetName=NetR2_1 Pin=R3-2
Added Pin To Net: NetName=NetR2_1 Pin=UV-4
Added Net: Name=NetR2_1
Added Member To Class: ClassName=U_5VBoost Member=Component L1 744773014
Added Member To Class: ClassName=U_Undervoltage Member=Component UV TLV4051R2DBVR
